Arguments: 
  C:\laragon\bin\nodejs\node-v12\node.exe C:\Program Files (x86)\Yarn\bin\yarn.js install

PATH: 
  C:\Users\jeffe\AppData\Local\Yarn\config\global\node_modules\.bin;C:\Users\jeffe\AppData\Roaming\npm;C:\Users\jeffe\AppData\Roaming\Composer\vendor\bin;;C:\laragon\bin\laragon\utils;C:\laragon\bin\mysql\mysql-5.7.24-winx64\bin;C:\laragon\bin\php\php-7.2.19-Win32-VC15-x64;C:\laragon\bin\composer;C:\laragon\bin\apache\httpd-2.4.35-win64-VC15\bin;C:\laragon\bin\redis\redis-x64-3.2.100;C:\laragon\bin\nodejs\node-v12;C:\laragon\bin\nginx\nginx-1.16.0;C:\laragon\bin\notepad++;C:\laragon\bin\telnet;C:\laragon\bin\ngrok;C:\laragon\bin\git\bin;C:\laragon\bin\git\cmd;C:\laragon\bin\git\usr\bin;C:\laragon\bin\git\mingw64\bin;C:\laragon\bin;C:\laragon\usr\bin;C:\laragon\bin\putty;C:\laragon\bin\cmder\bin;C:\Program Files (x86)\Common Files\Oracle\Java\javapath;C:\Windows\system32;C:\Windows;C:\Windows\System32\Wbem;C:\Windows\System32\WindowsPowerShell\v1.0\;C:\Windows\System32\OpenSSH\;C:\Program Files\Git\cmd;C:\Program Files (x86)\Yarn\bin\;C:\Program Files\PuTTY\;C:\Users\jeffe\AppData\Local\Android\Sdk\build-tools;C:\Users\jeffe\AppData\Local\Android\Sdk\platform-tools;C:\Program Files\nodejs\;C:\Gradle\gradle-6.2.2\bin;C:\Program Files\dotnet\;C:\Program Files\Docker\Docker\resources\bin;C:\ProgramData\DockerDesktop\version-bin;C:\Users\jeffe\AppData\Local\Microsoft\WindowsApps;C:\Users\jeffe\AppData\Local\Programs\Microsoft VS Code\bin;C:\Users\jeffe\AppData\Local\Yarn\bin;C:\Program Files\heroku\bin;C:\Users\jeffe\AppData\Roaming\npm;C:\Users\jeffe\.dotnet\tools;C:\Users\jeffe\AppData\Local\Programs\Azure Data Studio\bin;C:\Program Files\Git\usr\bin;C:\Program Files\Git\usr\share\vim\vim74;C:\laragon\bin\cmder\;

Yarn version: 
  1.22.1

Node version: 
  12.16.1

Platform: 
  win32 x64

Trace: 
  SyntaxError: C:\laragon\travelApp\package.json: Unexpected token } in JSON at position 931
      at JSON.parse (<anonymous>)
      at C:\Program Files (x86)\Yarn\lib\cli.js:1625:59
      at Generator.next (<anonymous>)
      at step (C:\Program Files (x86)\Yarn\lib\cli.js:310:30)
      at C:\Program Files (x86)\Yarn\lib\cli.js:321:13

npm manifest: 
  {
    "main": "node_modules/expo/AppEntry.js",
    "scripts": {
      "start": "expo start",
      "android": "expo start --android",
      "ios": "expo start --ios",
      "web": "expo start --web",
      "eject": "expo eject"
    },
    "dependencies": {
      "expo": "~37.0.3",
      "react": "~16.9.0",
      "react-dom": "~16.9.0",
      "react-native": "https://github.com/expo/react-native/archive/sdk-37.0.0.tar.gz",
      "react-native-web": "~0.11.7",
      "@react-native-community/masked-view": "0.1.5",
      "@react-navigation/bottom-tabs": "^5.2.5",
      "@react-navigation/material-bottom-tabs": "^5.1.7",
      "@react-navigation/native": "^5.1.4",
      "@react-navigation/stack": "^5.2.9",
      "react-native-vector-icons": "*",
      "react-native-screens": "2.0.0-alpha.12",
      "react-native-safe-area-context": "0.6.0",
      "react-native-reanimated": "~1.4.0",
      "react-native-paper": "^3.6.0",
      "react-native-gesture-handler": "~1.5.0",
  	
    },
    "devDependencies": {
      "babel-preset-expo": "~8.1.0",
      "@babel/core": "^7.8.6"
    },
    "private": true
  }

yarn manifest: 
  No manifest

Lockfile: 
  No lockfile
